<?xml version="1.0" encoding="UTF-8"?>
<!-- Generated by org.testng.reporters.JUnitXMLReporter -->
<testsuite ignored="0" hostname="Admin-PC" failures="0" tests="4" name="Test" time="58.174" errors="0" timestamp="2020-01-01T19:35:47 IST">
  <testcase classname="com.zerodha.testcases.LoginPageTest" name="titalCheck" time="0.223"/>
  <testcase classname="com.zerodha.testcases.LoginPageTest" name="loginMethod" time="1.309"/>
  <testcase classname="com.zerodha.testcases.PinPageTest" name="checkPinPageIsOpened" time="0.947"/>
  <testcase classname="com.zerodha.testcases.PinPageTest" name="setPinAndContinueMethod" time="0.606"/>
</testsuite> <!-- Test -->
