<?xml version="1.0" encoding="UTF-8"?>
<testng-results ignored="0" total="4" passed="4" failed="0" skipped="0">
  <reporter-output>
  </reporter-output>
  <suite started-at="2020-01-01T19:34:48 IST" name="Zerodha application testing results" finished-at="2020-01-01T19:35:46 IST" duration-ms="58174">
    <groups>
    </groups>
    <test started-at="2020-01-01T19:34:48 IST" name="Test" finished-at="2020-01-01T19:35:46 IST" duration-ms="58174">
      <class name="com.zerodha.testcases.LoginPageTest">
        <test-method is-config="true" signature="openBrowserAndAppMethod()[pri:0, instance:com.zerodha.testcases.LoginPageTest@223f3642]" started-at="2020-01-01T19:34:48 IST" name="openBrowserAndAppMethod" finished-at="2020-01-01T19:35:01 IST" duration-ms="12456" status="PASS">
          <reporter-output>
          </reporter-output>
        </test-method> <!-- openBrowserAndAppMethod -->
        <test-method signature="titalCheck()[pri:1, instance:com.zerodha.testcases.LoginPageTest@223f3642]" started-at="2020-01-01T19:35:01 IST" name="titalCheck" finished-at="2020-01-01T19:35:01 IST" duration-ms="223" status="PASS">
          <reporter-output>
          </reporter-output>
        </test-method> <!-- titalCheck -->
        <test-method is-config="true" signature="closeBrowser()[pri:0, instance:com.zerodha.testcases.LoginPageTest@223f3642]" started-at="2020-01-01T19:35:01 IST" name="closeBrowser" finished-at="2020-01-01T19:35:02 IST" duration-ms="1038" status="PASS">
          <reporter-output>
          </reporter-output>
        </test-method> <!-- closeBrowser -->
        <test-method is-config="true" signature="openBrowserAndAppMethod()[pri:0, instance:com.zerodha.testcases.LoginPageTest@223f3642]" started-at="2020-01-01T19:35:02 IST" name="openBrowserAndAppMethod" finished-at="2020-01-01T19:35:15 IST" duration-ms="13005" status="PASS">
          <reporter-output>
          </reporter-output>
        </test-method> <!-- openBrowserAndAppMethod -->
        <test-method signature="loginMethod()[pri:2, instance:com.zerodha.testcases.LoginPageTest@223f3642]" started-at="2020-01-01T19:35:15 IST" name="loginMethod" finished-at="2020-01-01T19:35:16 IST" duration-ms="1309" status="PASS">
          <reporter-output>
          </reporter-output>
        </test-method> <!-- loginMethod -->
        <test-method is-config="true" signature="closeBrowser()[pri:0, instance:com.zerodha.testcases.LoginPageTest@223f3642]" started-at="2020-01-01T19:35:16 IST" name="closeBrowser" finished-at="2020-01-01T19:35:17 IST" duration-ms="824" status="PASS">
          <reporter-output>
          </reporter-output>
        </test-method> <!-- closeBrowser -->
      </class> <!-- com.zerodha.testcases.LoginPageTest -->
      <class name="com.zerodha.testcases.PinPageTest">
        <test-method is-config="true" signature="openBrowserAndAppMethod()[pri:0, instance:com.zerodha.testcases.PinPageTest@38c5cc4c]" started-at="2020-01-01T19:35:17 IST" name="openBrowserAndAppMethod" finished-at="2020-01-01T19:35:28 IST" duration-ms="11031" status="PASS">
          <reporter-output>
          </reporter-output>
        </test-method> <!-- openBrowserAndAppMethod -->
        <test-method signature="checkPinPageIsOpened()[pri:1, instance:com.zerodha.testcases.PinPageTest@38c5cc4c]" started-at="2020-01-01T19:35:28 IST" name="checkPinPageIsOpened" finished-at="2020-01-01T19:35:29 IST" duration-ms="947" status="PASS">
          <reporter-output>
          </reporter-output>
        </test-method> <!-- checkPinPageIsOpened -->
        <test-method is-config="true" signature="closeBrowser()[pri:0, instance:com.zerodha.testcases.PinPageTest@38c5cc4c]" started-at="2020-01-01T19:35:29 IST" name="closeBrowser" finished-at="2020-01-01T19:35:30 IST" duration-ms="1207" status="PASS">
          <reporter-output>
          </reporter-output>
        </test-method> <!-- closeBrowser -->
        <test-method is-config="true" signature="openBrowserAndAppMethod()[pri:0, instance:com.zerodha.testcases.PinPageTest@38c5cc4c]" started-at="2020-01-01T19:35:30 IST" name="openBrowserAndAppMethod" finished-at="2020-01-01T19:35:45 IST" duration-ms="14717" status="PASS">
          <reporter-output>
          </reporter-output>
        </test-method> <!-- openBrowserAndAppMethod -->
        <test-method signature="setPinAndContinueMethod()[pri:2, instance:com.zerodha.testcases.PinPageTest@38c5cc4c]" started-at="2020-01-01T19:35:45 IST" name="setPinAndContinueMethod" finished-at="2020-01-01T19:35:45 IST" duration-ms="606" status="PASS">
          <reporter-output>
          </reporter-output>
        </test-method> <!-- setPinAndContinueMethod -->
        <test-method is-config="true" signature="closeBrowser()[pri:0, instance:com.zerodha.testcases.PinPageTest@38c5cc4c]" started-at="2020-01-01T19:35:45 IST" name="closeBrowser" finished-at="2020-01-01T19:35:46 IST" duration-ms="704" status="PASS">
          <reporter-output>
          </reporter-output>
        </test-method> <!-- closeBrowser -->
      </class> <!-- com.zerodha.testcases.PinPageTest -->
    </test> <!-- Test -->
  </suite> <!-- Zerodha application testing results -->
</testng-results>
